\o Program:		@(#)$CDS: libManager version 6.1.7 - CAT35 12/07/2016 00:37 (sjfqos809) $
\o Sub version:		sub-version  s031 
\o Arguments:		-unmapped -mpssession virtuoso28697 -mpshost hera3.ece.tamu.edu 
\o Working Directory:	hera3.ece.tamu.edu:/home/grads/r/rohitsudan/lab-ibm180/Design_LAB1
\o 64-bit offsets
\o Qt version: 		4.8.5
\o changeWorkingDir("/home/grads/r/rohitsudan/lab-ibm180/Design_LAB1") unnecessary.
\o ddSetForcedLib("") unnecessary.
\o Log file is "/home/grads/r/rohitsudan/lab-ibm180/Design_LAB1/libManager.log".
\o Opening libManager window.
\a nrSetWindowVisibility(cdsLibManager "show")
\o MPS service: map window
\a nrSetCurrentWindow(cdsLibManager)
\o Library Manager customization server connected.
\a nrResizeWindow(cdsLibManager list(8 31 1920 1017))
\a nrResizeWindow(cdsLibManager list(0 23 1920 1017))
\a cdsLibManager->libListBox->value = "cmhv7sf"
\a cdsLibManager->libLineEdit->value = "cmhv7sf"
\a nrSetCurrentWindow(cdsLibManager)
\a nrSetCurrentWindow(cdsLibManager)
\a nrSetCurrentWindow(cdsLibManager)
\a cdsLibManager->libListBox->value = "US_8ths"
\a cdsLibManager->libLineEdit->value = "US_8ths"
\a nrSetCurrentWindow(cdsLibManager)
\a nrSetCurrentWindow(cdsLibManager)
\a cdsLibManager->FileNewLibButton->value = t
\a nrSetWindowVisibility(NewLibShell "show")
\a NewLibShell->QLineEdit2->value = "/home/grads/r/rohitsudan/lab-ibm180/Design_LAB1/"
\a nrSetCurrentWindow(NewLibShell)
\a nrSetCurrentWindow(NewLibShell->subDialog)
\a nrResizeWindow(NewLibShell list(697 212 507 559))
\a nrSetCurrentWindow(NewLibShell)
\a nrSetCurrentWindow(NewLibShell->subDialog)
\a nrSetCurrentWindow(NewLibShell)
\a nrSetCurrentWindow(NewLibShell->subDialog)
\a nrSetCurrentWindow(NewLibShell)
\a nrSetCurrentWindow(NewLibShell->subDialog)
\a NewLibShell->newLibNameText->value = "MOSchar"
\a NewLibShell->newLibOKButton->value = t
\a NewLibShell->subDialog->value = '("/home/grads/r/rohitsudan/lab-ibm180/Design_LAB1" "/home/grads/r/rohitsudan/lab-ibm180/Design_LAB1/")
\a nrSetWindowVisibility(workingDialogForm "show")
\a nrSetCurrentWindow(workingDialogForm)
\o Created new library "MOSchar" at /home/grads/r/rohitsudan/lab-ibm180/Design_LAB1/MOSchar.
\a nrSetCurrentWindow(NewLibShell)
\a nrSetCurrentWindow(cdsLibManager)
\a nrResizeWindow(workingDialogForm list(804 425 292 132))
\a cdsLibManager->libListBox->value = nil
\a cdsLibManager->libLineEdit->value = ""
\a cdsLibManager->libListBox->value = "US_8ths"
\a cdsLibManager->libLineEdit->value = "US_8ths"
\a cdsLibManager->libListBox->value = nil
\a cdsLibManager->libLineEdit->value = ""
\a cdsLibManager->libListBox->value = "US_8ths"
\a cdsLibManager->libLineEdit->value = "US_8ths"
\a nrSetCurrentWindow(cdsLibManager)
\a nrSetCurrentWindow(cdsLibManager)
\a cdsLibManager->libListBox->value = "MOSchar"
\a cdsLibManager->libLineEdit->value = "MOSchar"
\a nrSetCurrentWindow(cdsLibManager)
\a nrSetCurrentWindow(cdsLibManager)
\a cdsLibManager->FileNewCVButton->value = t
\a nrSetCurrentWindow(cdsLibManager)
\a nrResizeWindow(cdsLibManager list(0 0 1920 1017))
\o MPS service: shutdown
\o libManager is exiting.
\a nrSetWindowVisibility(cdsLibManager "hide")
\a exit(0)
